2023-06-30 12:13:02:132 - [31merror[39m: [31mCould not connect to db[39m
2023-06-30 12:13:49:1349 - [31merror[39m: [31mCould not connect to db[39m
2023-06-30 12:18:23:1823 - [31merror[39m: [31mCould not connect to db[39m
2023-06-30 12:19:09:199 - [32minfo[39m: [32mDB Connected[39m
2023-06-30 12:19:09:199 - [32minfo[39m: [32mApp rodando na porta: 3000[39m
2023-06-30 12:19:19:1919 - [32minfo[39m: [32mDB Connected[39m
2023-06-30 12:19:19:1919 - [32minfo[39m: [32mApp rodando na porta: 3000[39m
2023-06-30 12:20:25:2025 - [32minfo[39m: [32mDB Connected[39m
2023-06-30 12:20:25:2025 - [32minfo[39m: [32mApp rodando na porta: 3000[39m
2023-06-30 12:20:33:2033 - [32minfo[39m: [32mDB Connected[39m
2023-06-30 12:20:33:2033 - [32minfo[39m: [32mApp rodando na porta: 3000[39m
2023-06-30 12:21:38:2138 - [32minfo[39m: [32mDB Connected[39m
2023-06-30 12:21:38:2138 - [32minfo[39m: [32mApp rodando na porta: 3000[39m
2023-06-30 12:22:10:2210 - [35mhttp[39m: [35mPOST /api/movie 422 309 - 15.008 ms[39m
[35m[39m
2023-06-30 12:24:21:2421 - [35mhttp[39m: [35mPOST /api/movie 422 109 - 4.122 ms[39m
[35m[39m
2023-06-30 12:27:14:2714 - [32minfo[39m: [32mErro no sistema: user is not allowed to do action [insert] on [test.movies][39m
2023-06-30 12:27:20:2720 - [35mhttp[39m: [35mPOST /api/movie - - - - ms[39m
[35m[39m
2023-06-30 13:38:36:3836 - [32minfo[39m: [32mDB Connected[39m
2023-06-30 13:38:36:3836 - [32minfo[39m: [32mApp rodando na porta: 3000[39m
2023-06-30 13:38:47:3847 - [35mhttp[39m: [35mPOST /api/movie 201 337 - 67.069 ms[39m
[35m[39m
2023-06-30 13:45:50:4550 - [35mhttp[39m: [35mGET /api/movie/649f0517af4a43aa9db8b368 200 337 - 44.707 ms[39m
[35m[39m
2023-06-30 13:45:56:4556 - [32minfo[39m: [32mErro no sistema: Cast to ObjectId failed for value "649f0517af4a43aa9db8b3681" (type string) at path "_id" for model "Movie"[39m
2023-06-30 13:46:06:466 - [35mhttp[39m: [35mGET /api/movie/649f0517af4a43aa9db8b3681 - - - - ms[39m
[35m[39m
2023-06-30 13:46:08:468 - [35mhttp[39m: [35mGET /api/movie/649f0517af4a43aa9db8b368 200 337 - 65.940 ms[39m
[35m[39m
2023-06-30 13:46:15:4615 - [32minfo[39m: [32mErro no sistema: Cast to ObjectId failed for value "649f0517af4a43aa9db8b3681" (type string) at path "_id" for model "Movie"[39m
2023-06-30 13:46:21:4621 - [35mhttp[39m: [35mGET /api/movie/649f0517af4a43aa9db8b3681 - - - - ms[39m
[35m[39m
2023-06-30 13:46:24:4624 - [35mhttp[39m: [35mGET /api/movie/649f0517af4a43aa9db8b368 200 337 - 67.008 ms[39m
[35m[39m
2023-06-30 13:46:43:4643 - [32minfo[39m: [32mDB Connected[39m
2023-06-30 13:46:43:4643 - [32minfo[39m: [32mApp rodando na porta: 3000[39m
2023-06-30 13:46:48:4648 - [35mhttp[39m: [35mGET /api/movie/649f0517af4a43aa9db8b368 200 337 - 26.598 ms[39m
[35m[39m
2023-06-30 13:48:09:489 - [32minfo[39m: [32mDB Connected[39m
2023-06-30 13:48:09:489 - [32minfo[39m: [32mApp rodando na porta: 3000[39m
2023-06-30 13:48:13:4813 - [35mhttp[39m: [35mGET /api/movie/649f0517af4a43aa9db8b368 200 337 - 26.424 ms[39m
[35m[39m
2023-06-30 13:48:16:4816 - [32minfo[39m: [32mErro no sistema: Cast to ObjectId failed for value "649f0517af4a43aa9db8b36811" (type string) at path "_id" for model "Movie"[39m
2023-06-30 13:48:29:4829 - [35mhttp[39m: [35mGET /api/movie/649f0517af4a43aa9db8b36811 - - - - ms[39m
[35m[39m
2023-06-30 13:48:30:4830 - [35mhttp[39m: [35mGET /api/movie/649f0517af4a43aa9db8b368 200 337 - 16.662 ms[39m
[35m[39m
2023-06-30 13:49:14:4914 - [32minfo[39m: [32mDB Connected[39m
2023-06-30 13:49:14:4914 - [32minfo[39m: [32mApp rodando na porta: 3000[39m
2023-06-30 13:49:51:4951 - [32minfo[39m: [32mErro no sistema: Cast to ObjectId failed for value "649f0517af4a43aa9db8b36" (type string) at path "_id" for model "Movie"[39m
2023-06-30 13:49:54:4954 - [35mhttp[39m: [35mGET /api/movie/649f0517af4a43aa9db8b36 - - - - ms[39m
[35m[39m
2023-06-30 13:49:57:4957 - [35mhttp[39m: [35mGET /api/movie/649f0517af4a43aa9db8b368 200 337 - 21.941 ms[39m
[35m[39m
2023-06-30 13:53:00:530 - [35mhttp[39m: [35mPOST /api/movie 201 345 - 36.583 ms[39m
[35m[39m
2023-06-30 13:54:32:5432 - [35mhttp[39m: [35mGET /api/movie 200 685 - 16.858 ms[39m
[35m[39m
2023-06-30 13:58:43:5843 - [35mhttp[39m: [35mDELETE /api/movie/649f0517af4a43aa9db8b360 404 32 - 51.728 ms[39m
[35m[39m
2023-06-30 13:58:51:5851 - [32minfo[39m: [32mErro no sistema: movie.delete is not a function[39m
2023-06-30 14:00:01:01 - [32minfo[39m: [32mDB Connected[39m
2023-06-30 14:00:01:01 - [32minfo[39m: [32mApp rodando na porta: 3000[39m
2023-06-30 14:00:29:029 - [32minfo[39m: [32mDB Connected[39m
2023-06-30 14:00:29:029 - [32minfo[39m: [32mApp rodando na porta: 3000[39m
2023-06-30 14:00:37:037 - [35mhttp[39m: [35mDELETE /api/movie/649f0517af4a43aa9db8b368 201 37 - 52.401 ms[39m
[35m[39m
2023-06-30 14:01:07:17 - [32minfo[39m: [32mDB Connected[39m
2023-06-30 14:01:07:17 - [32minfo[39m: [32mApp rodando na porta: 3000[39m
2023-06-30 14:01:21:121 - [35mhttp[39m: [35mGET /api/movie 200 347 - 55.623 ms[39m
[35m[39m
2023-06-30 14:01:36:136 - [35mhttp[39m: [35mPOST /api/movie 201 329 - 41.166 ms[39m
[35m[39m
2023-06-30 14:01:39:139 - [35mhttp[39m: [35mGET /api/movie 200 677 - 18.925 ms[39m
[35m[39m
2023-06-30 14:01:56:156 - [32minfo[39m: [32mErro no sistema: Cast to ObjectId failed for value "649f0517af4a43aa9db8b36811" (type string) at path "_id" for model "Movie"[39m
2023-06-30 14:01:59:159 - [35mhttp[39m: [35mDELETE /api/movie/649f0517af4a43aa9db8b36811 - - - - ms[39m
[35m[39m
2023-06-30 14:02:15:215 - [35mhttp[39m: [35mGET /api/movie 200 677 - 16.765 ms[39m
[35m[39m
2023-06-30 14:02:34:234 - [35mhttp[39m: [35mDELETE /api/movie/649f0a7061934854488a8af7 201 37 - 39.485 ms[39m
[35m[39m
2023-06-30 14:02:41:241 - [35mhttp[39m: [35mGET /api/movie 200 331 - 15.252 ms[39m
[35m[39m
2023-06-30 14:10:13:1013 - [35mhttp[39m: [35mPATCH /api/movie/649f0a7061934854488a8af7 200 331 - 49.428 ms[39m
[35m[39m
2023-06-30 14:15:07:157 - [32minfo[39m: [32mDB Connected[39m
2023-06-30 14:15:07:157 - [32minfo[39m: [32mApp rodando na porta: 3000[39m
