2023-06-30 10:24:10 [32minfo[39m: [32mServer started on port: 3000[39m
2023-06-30 10:25:43 [32minfo[39m: [32mServer started on port: 3000[39m
2023-06-30 10:26:09 [32minfo[39m: [32mConnected to database[39m
2023-06-30 10:26:09 [32minfo[39m: [32mServer started on port: 3000[39m
2023-06-30 10:26:30 [31merror[39m: [31mquerySrv ENOTFOUND _mongodb._tcp.cluster0.6dohhe.mongodb.net[39m
2023-06-30 10:26:30 [32minfo[39m: [32mServer started on port: 3000[39m
2023-06-30 10:26:34 [32minfo[39m: [32mConnected to database[39m
2023-06-30 10:26:34 [32minfo[39m: [32mServer started on port: 3000[39m
2023-06-30 10:27:15 [32minfo[39m: [32mConnected to database[39m
2023-06-30 10:27:15 [32minfo[39m: [32mServer started on port: 3000[39m
2023-06-30 10:27:25 [31merror[39m: [31mquerySrv ENOTFOUND _mongodb._tcp.cluster0.6dohhe.mongodb.net[39m
2023-06-30 10:27:36 [32minfo[39m: [32mConnected to database[39m
2023-06-30 10:27:36 [32minfo[39m: [32mServer started on port: 3000[39m
2023-06-30 10:50:46 [32minfo[39m: [32mConnected to database[39m
2023-06-30 10:50:46 [32minfo[39m: [32mServer started on port: 3000[39m
2023-06-30 10:51:21 [32minfo[39m: [32mConnected to database[39m
2023-06-30 10:51:21 [32minfo[39m: [32mServer started on port: 3000[39m
2023-06-30 10:52:11 [32minfo[39m: [32mConnected to database[39m
2023-06-30 10:52:11 [32minfo[39m: [32mServer started on port: 3000[39m
2023-06-30 10:52:13 [32mhttp[39m: [32mGET /api/test 200 - - 2.798 ms[39m
[32m[39m
2023-06-30 11:04:49 [32minfo[39m: [32mConnected to database[39m
2023-06-30 11:04:49 [32minfo[39m: [32mServer started on port: 3000[39m
2023-06-30 11:08:28 [32mhttp[39m: [32mPOST /api//movie 200 - - 3.439 ms[39m
[32m[39m
2023-06-30 11:15:23 [32minfo[39m: [32mConnected to database[39m
2023-06-30 11:15:23 [32minfo[39m: [32mServer started on port: 3000[39m
2023-06-30 11:16:30 [32minfo[39m: [32mConnected to database[39m
2023-06-30 11:16:30 [32minfo[39m: [32mServer started on port: 3000[39m
2023-06-30 11:16:34 [32minfo[39m: [32mConnected to database[39m
2023-06-30 11:16:34 [32minfo[39m: [32mServer started on port: 3000[39m
2023-06-30 11:17:51 [31merror[39m: [31mError user is not allowed to do action [insert] on [test.movies][39m
2023-06-30 11:18:21 [32mhttp[39m: [32mPOST /api//movie - - - - ms[39m
[32m[39m
2023-06-30 11:18:23 [31merror[39m: [31mError user is not allowed to do action [insert] on [test.movies][39m
2023-06-30 11:18:32 [32mhttp[39m: [32mPOST /api/movie - - - - ms[39m
[32m[39m
2023-06-30 11:21:21 [32minfo[39m: [32mConnected to database[39m
2023-06-30 11:21:21 [32minfo[39m: [32mServer started on port: 3000[39m
2023-06-30 11:21:26 [32minfo[39m: [32mConnected to database[39m
2023-06-30 11:21:26 [32minfo[39m: [32mServer started on port: 3000[39m
2023-06-30 11:21:31 [32minfo[39m: [32mConnected to database[39m
2023-06-30 11:21:31 [32minfo[39m: [32mServer started on port: 3000[39m
2023-06-30 11:21:36 [32minfo[39m: [32mConnected to database[39m
2023-06-30 11:21:36 [32minfo[39m: [32mServer started on port: 3000[39m
2023-06-30 11:21:41 [32minfo[39m: [32mConnected to database[39m
2023-06-30 11:21:41 [32minfo[39m: [32mServer started on port: 3000[39m
2023-06-30 11:22:15 [32minfo[39m: [32mConnected to database[39m
2023-06-30 11:22:15 [32minfo[39m: [32mServer started on port: 3000[39m
2023-06-30 11:22:27 [31merror[39m: [31mError user is not allowed to do action [insert] on [test.movies][39m
2023-06-30 11:22:36 [32mhttp[39m: [32mPOST /api/movie - - - - ms[39m
[32m[39m
2023-06-30 11:22:48 [31merror[39m: [31mError user is not allowed to do action [insert] on [test.movies][39m
2023-06-30 11:22:50 [32mhttp[39m: [32mPOST /api/movie - - - - ms[39m
[32m[39m
2023-06-30 11:28:17 [31merror[39m: [31mError user is not allowed to do action [insert] on [test.movies][39m
2023-06-30 11:28:20 [32mhttp[39m: [32mPOST /api/movie - - - - ms[39m
[32m[39m
2023-06-30 11:30:15 [31merror[39m: [31mError user is not allowed to do action [insert] on [test.movies][39m
2023-06-30 11:30:19 [32mhttp[39m: [32mPOST /api/Movie - - - - ms[39m
[32m[39m
2023-06-30 11:30:32 [32minfo[39m: [32mConnected to database[39m
2023-06-30 11:30:32 [32minfo[39m: [32mServer started on port: 3000[39m
2023-06-30 11:30:37 [31merror[39m: [31mError user is not allowed to do action [insert] on [test.movies][39m
2023-06-30 11:30:43 [32mhttp[39m: [32mPOST /api/Movie - - - - ms[39m
[32m[39m
2023-06-30 11:31:58 [31merror[39m: [31mError user is not allowed to do action [insert] on [test.movies][39m
2023-06-30 11:32:05 [32mhttp[39m: [32mPOST /api/movie - - - - ms[39m
[32m[39m
2023-06-30 11:34:15 [32minfo[39m: [32mConnected to database[39m
2023-06-30 11:34:15 [32minfo[39m: [32mServer started on port: 3000[39m
2023-06-30 11:36:28 [32minfo[39m: [32mConnected to database[39m
2023-06-30 11:36:28 [32minfo[39m: [32mServer started on port: 3000[39m
2023-06-30 11:36:47 [32minfo[39m: [32mConnected to database[39m
2023-06-30 11:36:47 [32minfo[39m: [32mServer started on port: 3000[39m
2023-06-30 11:37:02 [32mhttp[39m: [32mGET /api/test 200 - - 4.527 ms[39m
[32m[39m
2023-06-30 11:37:08 [32minfo[39m: [32mErro no sistema: user is not allowed to do action [insert] on [test.movies][39m
2023-06-30 11:37:13 [32mhttp[39m: [32mPOST /api/movie - - - - ms[39m
[32m[39m
2023-06-30 11:40:59 [32minfo[39m: [32mConnected to database[39m
2023-06-30 11:40:59 [32minfo[39m: [32mServer started on port: 3000[39m
2023-06-30 11:41:52 [32minfo[39m: [32mConnected to database[39m
2023-06-30 11:41:52 [32minfo[39m: [32mServer started on port: 3000[39m
2023-06-30 11:42:19 [32minfo[39m: [32mConnected to database[39m
2023-06-30 11:42:19 [32minfo[39m: [32mServer started on port: 3000[39m
2023-06-30 11:43:02 [32minfo[39m: [32mConnected to database[39m
2023-06-30 11:43:02 [32minfo[39m: [32mServer started on port: 3000[39m
2023-06-30 11:43:16 [32minfo[39m: [32mConnected to database[39m
2023-06-30 11:43:16 [32minfo[39m: [32mServer started on port: 3000[39m
2023-06-30 11:44:29 [32minfo[39m: [32mConnected to database[39m
2023-06-30 11:44:29 [32minfo[39m: [32mServer started on port: 3000[39m
2023-06-30 11:44:34 [32mhttp[39m: [32mGET /api/test 200 11 - 3.590 ms[39m
[32m[39m
2023-06-30 11:46:23 [32minfo[39m: [32mConnected to database[39m
2023-06-30 11:46:23 [32minfo[39m: [32mServer started on port: 3000[39m
2023-06-30 11:49:32 [32minfo[39m: [32mConnected to database[39m
2023-06-30 11:49:32 [32minfo[39m: [32mServer started on port: 3000[39m
2023-06-30 11:50:30 [32mhttp[39m: [32mPOST /api/movie 200 6 - 2.782 ms[39m
[32m[39m
2023-06-30 11:50:44 [32minfo[39m: [32mConnected to database[39m
2023-06-30 11:50:44 [32minfo[39m: [32mServer started on port: 3000[39m
2023-06-30 11:50:47 [32minfo[39m: [32mConnected to database[39m
2023-06-30 11:50:47 [32minfo[39m: [32mServer started on port: 3000[39m
2023-06-30 11:50:57 [32minfo[39m: [32mConnected to database[39m
2023-06-30 11:50:57 [32minfo[39m: [32mServer started on port: 3000[39m
2023-06-30 11:51:01 [32minfo[39m: [32mConnected to database[39m
2023-06-30 11:51:01 [32minfo[39m: [32mServer started on port: 3000[39m
2023-06-30 11:51:04 [32minfo[39m: [32mConnected to database[39m
2023-06-30 11:51:04 [32minfo[39m: [32mServer started on port: 3000[39m
2023-06-30 11:51:07 [32minfo[39m: [32mConnected to database[39m
2023-06-30 11:51:07 [32minfo[39m: [32mServer started on port: 3000[39m
2023-06-30 11:51:58 [32mhttp[39m: [32mPOST /api/movie 200 6 - 2.916 ms[39m
[32m[39m
2023-06-30 11:54:27 [32minfo[39m: [32mConnected to database[39m
2023-06-30 11:54:27 [32minfo[39m: [32mServer started on port: 3000[39m
2023-06-30 11:56:11 [31merror[39m: [31mError: user is not allowed to do action [insert] on [test.movies][39m
2023-06-30 11:58:35 [32mhttp[39m: [32mPOST /api/movie - - - - ms[39m
[32m[39m
2023-06-30 11:58:36 [31merror[39m: [31mError: user is not allowed to do action [insert] on [test.movies][39m
2023-06-30 11:58:39 [32mhttp[39m: [32mPOST /api/movie - - - - ms[39m
[32m[39m
2023-06-30 11:59:39 [31merror[39m: [31mError: user is not allowed to do action [insert] on [test.movies][39m
2023-06-30 11:59:42 [32mhttp[39m: [32mPOST /api/movie - - - - ms[39m
[32m[39m
2023-06-30 12:00:32 [31merror[39m: [31mError: user is not allowed to do action [insert] on [test.movies][39m
2023-06-30 12:00:35 [32mhttp[39m: [32mPOST /api/movie - - - - ms[39m
[32m[39m
2023-06-30 12:00:39 [31merror[39m: [31mError: user is not allowed to do action [insert] on [test.movies][39m
2023-06-30 12:00:42 [32mhttp[39m: [32mPOST /api/movie - - - - ms[39m
[32m[39m
2023-06-30 12:00:43 [31merror[39m: [31mError: user is not allowed to do action [insert] on [test.movies][39m
2023-06-30 12:00:50 [32mhttp[39m: [32mPOST /api/movie - - - - ms[39m
[32m[39m
2023-06-30 12:02:38 [32minfo[39m: [32mConnected to database[39m
2023-06-30 12:02:38 [32minfo[39m: [32mServer started on port: 3000[39m
2023-06-30 12:03:21 [32minfo[39m: [32mConnected to database[39m
2023-06-30 12:03:21 [32minfo[39m: [32mServer started on port: 3000[39m
2023-06-30 12:03:27 [31merror[39m: [31mError: user is not allowed to do action [insert] on [test.movies][39m
2023-06-30 12:03:38 [32mhttp[39m: [32mPOST /api/movie - - - - ms[39m
[32m[39m
2023-06-30 12:05:56 [32minfo[39m: [32mConnected to database[39m
2023-06-30 12:05:56 [32minfo[39m: [32mApp rodando na porta: 3000[39m
2023-06-30 12:06:18 [32minfo[39m: [32mConnected to database[39m
2023-06-30 12:06:18 [32minfo[39m: [32mApp rodando na porta: 3000[39m
2023-06-30 12:06:20 [31merror[39m: [31mError: user is not allowed to do action [insert] on [test.movies][39m
2023-06-30 12:06:33 [32mhttp[39m: [32mPOST /api/movie - - - - ms[39m
[32m[39m
2023-06-30 12:08:52 [32minfo[39m: [32mConnected to database[39m
2023-06-30 12:08:52 [32minfo[39m: [32mApp rodando na porta: 3000[39m
2023-06-30 12:09:26 [32minfo[39m: [32mConnected to database[39m
2023-06-30 12:09:26 [32minfo[39m: [32mApp rodando na porta: 3000[39m
2023-06-30 12:09:41 [32minfo[39m: [32mConnected to database[39m
2023-06-30 12:09:41 [32minfo[39m: [32mApp rodando na porta: 3000[39m
2023-06-30 12:09:59 [32minfo[39m: [32mConnected to database[39m
2023-06-30 12:09:59 [32minfo[39m: [32mApp rodando na porta: 3000[39m
2023-06-30 12:10:14 [32minfo[39m: [32mConnected to database[39m
2023-06-30 12:10:14 [32minfo[39m: [32mApp rodando na porta: 3000[39m
2023-06-30 12:10:28 [32minfo[39m: [32mConnected to database[39m
2023-06-30 12:10:28 [32minfo[39m: [32mApp rodando na porta: 3000[39m
2023-06-30 12:10:39 [32minfo[39m: [32mConnected to database[39m
2023-06-30 12:10:39 [32minfo[39m: [32mApp rodando na porta: 3000[39m
2023-06-30 12:10:53 [32minfo[39m: [32mConnected to database[39m
2023-06-30 12:10:53 [32minfo[39m: [32mApp rodando na porta: 3000[39m
2023-06-30 12:12:25 [32minfo[39m: [32mDB Connected[39m
2023-06-30 12:12:25 [32minfo[39m: [32mApp rodando na porta: 3000[39m
2023-06-30 12:12:47 [31merror[39m: [31mCould not connect to db[39m
